
*** Running vivado
    with args -log fuck_util_vector_logic_1_0.vds -m64 -product Vivado -mode batch -messageDb vivado.pb -notrace -source fuck_util_vector_logic_1_0.tcl



****** Vivado v2024.2 (64-bit)
  **** SW Build 5239630 on Fri Nov 08 22:35:27 MST 2024
  **** IP Build 5239520 on Sun Nov 10 16:12:51 MST 2024
  **** SharedData Build 5239561 on Fri Nov 08 14:39:27 MST 2024
  **** Start of session at: Mon Dec 23 01:24:04 2024
    ** Copyright 1986-2022 Xilinx, Inc. All Rights Reserved.
    ** Copyright 2022-2024 Advanced Micro Devices, Inc. All Rights Reserved.

source fuck_util_vector_logic_1_0.tcl -notrace
create_project: Time (s): cpu = 00:00:06 ; elapsed = 00:00:07 . Memory (MB): peak = 619.902 ; gain = 191.223
INFO: [IP_Flow 19-234] Refreshing IP repositories
INFO: [IP_Flow 19-1700] Loaded user IP repository 'f:/Workplace/Vivado/ov5640_hdmi/ip_repo'.
INFO: [IP_Flow 19-2313] Loaded Vivado IP repository 'I:/Vivado/2024.2/data/ip'.
INFO: [IP_Flow 19-6924] IPCACHE: Running cache check for IP inst: fuck_util_vector_logic_1_0
INFO: [IP_Flow 19-6922] IPCACHE: Exporting cached entry 8dea21ed49fdb010 to dir: F:/Workplace/Vivado/fuck/fuck.runs/fuck_util_vector_logic_1_0_synth_1
INFO: [IP_Flow 19-6928] IPCACHE: copied cached file f:/Workplace/Vivado/fuck/fuck.cache/ip/2024.2/8/d/8dea21ed49fdb010/fuck_util_vector_logic_0_0.dcp to F:/Workplace/Vivado/fuck/fuck.runs/fuck_util_vector_logic_1_0_synth_1/fuck_util_vector_logic_1_0.dcp.
INFO: [IP_Flow 19-6928] IPCACHE: copied cached file f:/Workplace/Vivado/fuck/fuck.cache/ip/2024.2/8/d/8dea21ed49fdb010/fuck_util_vector_logic_0_0_sim_netlist.v to F:/Workplace/Vivado/fuck/fuck.runs/fuck_util_vector_logic_1_0_synth_1/fuck_util_vector_logic_1_0_sim_netlist.v.
INFO: [IP_Flow 19-6928] IPCACHE: copied cached file f:/Workplace/Vivado/fuck/fuck.cache/ip/2024.2/8/d/8dea21ed49fdb010/fuck_util_vector_logic_0_0_sim_netlist.vhdl to F:/Workplace/Vivado/fuck/fuck.runs/fuck_util_vector_logic_1_0_synth_1/fuck_util_vector_logic_1_0_sim_netlist.vhdl.
INFO: [IP_Flow 19-6928] IPCACHE: copied cached file f:/Workplace/Vivado/fuck/fuck.cache/ip/2024.2/8/d/8dea21ed49fdb010/fuck_util_vector_logic_0_0_stub.v to F:/Workplace/Vivado/fuck/fuck.runs/fuck_util_vector_logic_1_0_synth_1/fuck_util_vector_logic_1_0_stub.v.
INFO: [IP_Flow 19-6928] IPCACHE: copied cached file f:/Workplace/Vivado/fuck/fuck.cache/ip/2024.2/8/d/8dea21ed49fdb010/fuck_util_vector_logic_0_0_stub.vhdl to F:/Workplace/Vivado/fuck/fuck.runs/fuck_util_vector_logic_1_0_synth_1/fuck_util_vector_logic_1_0_stub.vhdl.
INFO: [IP_Flow 19-4838] Using cached IP synthesis design for IP fuck_util_vector_logic_1_0, cache-ID = 8dea21ed49fdb010.
INFO: [Common 17-206] Exiting Vivado at Mon Dec 23 01:24:20 2024...
