Copyright 1986-2022 Xilinx, Inc. All Rights Reserved. Copyright 2022-2024 Advanced Micro Devices, Inc. All Rights Reserved.
----------------------------------------------------------------------------------------------------------------------------------------------------------
| Tool Version     : Vivado v.2024.2 (win64) Build 5239630 Fri Nov 08 22:35:27 MST 2024
| Date             : Thu Jan 23 13:12:42 2025
| Host             : Murphy-PC running 64-bit major release  (build 9200)
| Command          : report_power -file fuck_wrapper_power_routed.rpt -pb fuck_wrapper_power_summary_routed.pb -rpx fuck_wrapper_power_routed.rpx
| Design           : fuck_wrapper
| Device           : xc7z020clg400-2
| Design State     : routed
| Grade            : commercial
| Process          : typical
| Characterization : Production
----------------------------------------------------------------------------------------------------------------------------------------------------------

Power Report

Table of Contents
-----------------
1. Summary
1.1 On-Chip Components
1.2 Power Supply Summary
1.3 Confidence Level
2. Settings
2.1 Environment
2.2 Clock Constraints
3. Detailed Reports
3.1 By Hierarchy

1. Summary
----------

+--------------------------+--------------+
| Total On-Chip Power (W)  | 1.709        |
| Design Power Budget (W)  | Unspecified* |
| Power Budget Margin (W)  | NA           |
| Dynamic (W)              | 1.566        |
| Device Static (W)        | 0.143        |
| Effective TJA (C/W)      | 11.5         |
| Max Ambient (C)          | 65.3         |
| Junction Temperature (C) | 44.7         |
| Confidence Level         | Low          |
| Setting File             | ---          |
| Simulation Activity File | ---          |
| Design Nets Matched      | NA           |
+--------------------------+--------------+
* Specify Design Power Budget using, set_operating_conditions -design_power_budget <value in Watts>


1.1 On-Chip Components
----------------------

+--------------------------+-----------+----------+-----------+-----------------+
| On-Chip                  | Power (W) | Used     | Available | Utilization (%) |
+--------------------------+-----------+----------+-----------+-----------------+
| Clocks                   |     0.016 |        7 |       --- |             --- |
| Slice Logic              |     0.004 |    12592 |       --- |             --- |
|   LUT as Logic           |     0.003 |     4056 |     53200 |            7.62 |
|   Register               |    <0.001 |     6304 |    106400 |            5.92 |
|   CARRY4                 |    <0.001 |      181 |     13300 |            1.36 |
|   BUFG                   |    <0.001 |        1 |        32 |            3.13 |
|   LUT as Shift Register  |    <0.001 |      169 |     17400 |            0.97 |
|   LUT as Distributed RAM |    <0.001 |       18 |     17400 |            0.10 |
|   F7/F8 Muxes            |    <0.001 |        5 |     53200 |           <0.01 |
|   Others                 |     0.000 |      687 |       --- |             --- |
| Signals                  |     0.005 |     9238 |       --- |             --- |
| Block RAM                |     0.002 |        7 |       140 |            5.00 |
| MMCM                     |     0.121 |        1 |         4 |           25.00 |
| I/O                      |     0.137 |       23 |       125 |           18.40 |
| PS7                      |     1.282 |        1 |       --- |             --- |
| Static Power             |     0.143 |          |           |                 |
| Total                    |     1.709 |          |           |                 |
+--------------------------+-----------+----------+-----------+-----------------+


1.2 Power Supply Summary
------------------------

+-----------+-------------+-----------+-------------+------------+-------------+-------------+------------+
| Source    | Voltage (V) | Total (A) | Dynamic (A) | Static (A) | Powerup (A) | Budget (A)  | Margin (A) |
+-----------+-------------+-----------+-------------+------------+-------------+-------------+------------+
| Vccint    |       1.000 |     0.043 |       0.028 |      0.015 |       NA    | Unspecified | NA         |
| Vccaux    |       1.800 |     0.082 |       0.067 |      0.015 |       NA    | Unspecified | NA         |
| Vcco33    |       3.300 |     0.042 |       0.041 |      0.001 |       NA    | Unspecified | NA         |
| Vcco25    |       2.500 |     0.000 |       0.000 |      0.000 |       NA    | Unspecified | NA         |
| Vcco18    |       1.800 |     0.000 |       0.000 |      0.000 |       NA    | Unspecified | NA         |
| Vcco15    |       1.500 |     0.000 |       0.000 |      0.000 |       NA    | Unspecified | NA         |
| Vcco135   |       1.350 |     0.000 |       0.000 |      0.000 |       NA    | Unspecified | NA         |
| Vcco12    |       1.200 |     0.000 |       0.000 |      0.000 |       NA    | Unspecified | NA         |
| Vccaux_io |       1.800 |     0.000 |       0.000 |      0.000 |       NA    | Unspecified | NA         |
| Vccbram   |       1.000 |     0.001 |       0.000 |      0.001 |       NA    | Unspecified | NA         |
| MGTAVcc   |       1.000 |     0.000 |       0.000 |      0.000 |       NA    | Unspecified | NA         |
| MGTAVtt   |       1.200 |     0.000 |       0.000 |      0.000 |       NA    | Unspecified | NA         |
| MGTVccaux |       1.800 |     0.000 |       0.000 |      0.000 |       NA    | Unspecified | NA         |
| Vccpint   |       1.000 |     0.701 |       0.671 |      0.030 |       NA    | Unspecified | NA         |
| Vccpaux   |       1.800 |     0.036 |       0.026 |      0.010 |       NA    | Unspecified | NA         |
| Vccpll    |       1.800 |     0.019 |       0.016 |      0.003 |       NA    | Unspecified | NA         |
| Vcco_ddr  |       1.500 |     0.356 |       0.354 |      0.002 |       NA    | Unspecified | NA         |
| Vcco_mio0 |       1.800 |     0.004 |       0.003 |      0.001 |       NA    | Unspecified | NA         |
| Vcco_mio1 |       1.800 |     0.000 |       0.000 |      0.000 |       NA    | Unspecified | NA         |
| Vccadc    |       1.800 |     0.020 |       0.000 |      0.020 |       NA    | Unspecified | NA         |
+-----------+-------------+-----------+-------------+------------+-------------+-------------+------------+


1.3 Confidence Level
--------------------

+-----------------------------+------------+--------------------------------------------------------+------------------------------------------------------------------------------------------------------------+
| User Input Data             | Confidence | Details                                                | Action                                                                                                     |
+-----------------------------+------------+--------------------------------------------------------+------------------------------------------------------------------------------------------------------------+
| Design implementation state | High       | Design is routed                                       |                                                                                                            |
| Clock nodes activity        | High       | User specified more than 95% of clocks                 |                                                                                                            |
| I/O nodes activity          | Low        | More than 75% of inputs are missing user specification | Provide missing input activity with simulation results or by editing the "By Resource Type -> I/Os" view   |
| Internal nodes activity     | Medium     | User specified less than 25% of internal nodes         | Provide missing internal nodes activity with simulation results or by editing the "By Resource Type" views |
| Device models               | High       | Device models are Production                           |                                                                                                            |
|                             |            |                                                        |                                                                                                            |
| Overall confidence level    | Low        |                                                        |                                                                                                            |
+-----------------------------+------------+--------------------------------------------------------+------------------------------------------------------------------------------------------------------------+


2. Settings
-----------

2.1 Environment
---------------

+-----------------------+------------------------+
| Ambient Temp (C)      | 25.0                   |
| ThetaJA (C/W)         | 11.5                   |
| Airflow (LFM)         | 250                    |
| Heat Sink             | none                   |
| ThetaSA (C/W)         | 0.0                    |
| Board Selection       | medium (10"x10")       |
| # of Board Layers     | 8to11 (8 to 11 Layers) |
| Board Temperature (C) | 25.0                   |
+-----------------------+------------------------+


2.2 Clock Constraints
---------------------

+---------------------------+---------------------------------------------------------+-----------------+
| Clock                     | Domain                                                  | Constraint (ns) |
+---------------------------+---------------------------------------------------------+-----------------+
| clk_fpga_0                | fuck_i/processing_system7_0/inst/FCLK_CLK0              |            20.0 |
| clk_fpga_0                | fuck_i/processing_system7_0/inst/FCLK_CLK_unbuffered[0] |            20.0 |
| clk_out1_fuck_clk_wiz_0_0 | fuck_i/clk_wiz_0/inst/clk_out1_fuck_clk_wiz_0_0         |            15.4 |
| clk_out2_fuck_clk_wiz_0_0 | fuck_i/clk_wiz_0/inst/clk_out2_fuck_clk_wiz_0_0         |             3.1 |
| clkfbout_fuck_clk_wiz_0_0 | fuck_i/clk_wiz_0/inst/clkfbout_fuck_clk_wiz_0_0         |            20.0 |
+---------------------------+---------------------------------------------------------+-----------------+


3. Detailed Reports
-------------------

3.1 By Hierarchy
----------------

+--------------------------+-----------+
| Name                     | Power (W) |
+--------------------------+-----------+
| fuck_wrapper             |     1.566 |
|   emio_sccb_tri_iobuf_0  |     0.002 |
|   emio_sccb_tri_iobuf_1  |     0.002 |
|   fuck_i                 |     1.561 |
|     axi_mem_intercon     |     0.002 |
|     axi_smc              |     0.002 |
|       inst               |     0.002 |
|     axi_vdma_0           |     0.011 |
|       U0                 |     0.011 |
|     clk_wiz_0            |     0.122 |
|       inst               |     0.122 |
|     hdmi_trans_0         |     0.134 |
|       inst               |     0.134 |
|     processing_system7_0 |     1.283 |
|       inst               |     1.283 |
|     v_axi4s_vid_out_0    |     0.004 |
|       inst               |     0.004 |
|     v_vid_in_axi4s_0     |     0.002 |
|       inst               |     0.002 |
+--------------------------+-----------+


